TN:
SF:src\gameSaving.js
FN:4,(anonymous_0)
FNF:1
FNH:1
FNDA:1,(anonymous_0)
DA:5,1
DA:6,1
DA:7,1
DA:8,1
LF:4
LH:4
BRF:0
BRH:0
end_of_record
TN:
SF:src\gameSavingLoader.js
FN:5,(anonymous_0)
FN:7,(anonymous_1)
FN:7,(anonymous_2)
FNF:3
FNH:2
FNDA:5,(anonymous_0)
FNDA:4,(anonymous_1)
FNDA:0,(anonymous_2)
DA:6,5
DA:7,4
DA:8,0
LF:3
LH:2
BRF:0
BRH:0
end_of_record
TN:
SF:src\parser.js
FN:1,json
FN:2,(anonymous_1)
FN:3,(anonymous_2)
FNF:3
FNH:3
FNDA:4,json
FNDA:4,(anonymous_1)
FNDA:4,(anonymous_2)
DA:2,4
DA:3,4
DA:4,4
LF:3
LH:3
BRF:0
BRH:0
end_of_record
TN:
SF:src\reader.js
FN:1,read
FN:2,(anonymous_1)
FN:3,(anonymous_2)
FN:5,(anonymous_3)
FNF:4
FNH:4
FNDA:4,read
FNDA:4,(anonymous_1)
FNDA:4,(anonymous_2)
FNDA:4,(anonymous_3)
DA:2,4
DA:3,4
DA:4,4
DA:5,4
DA:6,4
DA:7,4
DA:9,4
DA:10,360
DA:12,4
LF:9
LH:9
BRF:0
BRH:0
end_of_record
