TN:
SF:src\gameSaving.js
FN:5,(anonymous_0)
FNF:1
FNH:1
FNDA:1,(anonymous_0)
DA:6,1
DA:8,1
LF:2
LH:2
BRF:0
BRH:0
end_of_record
TN:
SF:src\gameSavingLoader.js
FN:5,(anonymous_0)
FN:7,(anonymous_1)
FN:7,(anonymous_2)
FNF:3
FNH:2
FNDA:2,(anonymous_0)
FNDA:1,(anonymous_1)
FNDA:0,(anonymous_2)
DA:6,2
DA:7,1
DA:8,0
LF:3
LH:2
BRF:0
BRH:0
end_of_record
TN:
SF:src\parser.js
FN:1,json
FN:2,(anonymous_1)
FN:3,(anonymous_2)
FNF:3
FNH:3
FNDA:2,json
FNDA:2,(anonymous_1)
FNDA:2,(anonymous_2)
DA:2,2
DA:3,2
DA:4,2
LF:3
LH:3
BRF:0
BRH:0
end_of_record
TN:
SF:src\reader.js
FN:1,read
FN:2,(anonymous_1)
FN:3,(anonymous_2)
FN:5,(anonymous_3)
FNF:4
FNH:4
FNDA:2,read
FNDA:2,(anonymous_1)
FNDA:2,(anonymous_2)
FNDA:2,(anonymous_3)
DA:2,2
DA:3,2
DA:4,2
DA:5,2
DA:6,2
DA:7,2
DA:9,2
DA:10,180
DA:12,2
LF:9
LH:9
BRF:0
BRH:0
end_of_record
